[21:15:46] [ServerMain/INFO]: [bootstrap] Running Java 22 (Java HotSpot(TM) 64-Bit Server VM 22.0.2+9-70; Oracle Corporation null) on Windows 11 10.0 (amd64)
[21:15:46] [ServerMain/INFO]: [bootstrap] Loading Purpur 1.21.1-2309-ver/1.21.1@be61a07 (2024-09-20T02:24:21Z) for Minecraft 1.21.1
[21:15:48] [ServerMain/INFO]: [PluginInitializerManager] Initializing plugins...
[21:15:48] [ServerMain/INFO]: [PluginInitializerManager] Initialized 2 plugins
[21:15:48] [ServerMain/INFO]: [PluginInitializerManager] Bukkit plugins (2):
 - SkinsRestorer (15.4.3), TreeAssist (7.3.57)
[21:15:53] [ServerMain/INFO]: Environment: Environment[sessionHost=https://sessionserver.mojang.com, servicesHost=https://api.minecraftservices.com, name=PROD]
[21:15:55] [ServerMain/INFO]: Loaded 1290 recipes
[21:15:55] [ServerMain/INFO]: Loaded 1399 advancements
[21:15:55] [Server thread/INFO]: Starting minecraft server version 1.21.1
[21:15:55] [Server thread/INFO]: Loading properties
[21:15:55] [Server thread/INFO]: This server is running Purpur version 1.21.1-2309-ver/1.21.1@be61a07 (2024-09-20T02:24:21Z) (Implementing API version 1.21.1-R0.1-SNAPSHOT)
[21:15:56] [Server thread/INFO]: [spark] This server bundles the spark profiler. For more information please visit https://docs.papermc.io/paper/profiling
[21:15:56] [Server thread/INFO]: Using 4 threads for Netty based IO
[21:15:56] [Server thread/INFO]: Server Ping Player Sample Count: 12
[21:15:57] [Server thread/INFO]: [ChunkTaskScheduler] Chunk system is using 1 I/O threads, 2 worker threads, and population gen parallelism of 2 threads
[21:15:57] [Server thread/WARN]: [Pufferfish] Will not enable SIMD! These optimizations are only safely supported on Java 17-21.
[21:15:57] [Server thread/INFO]: Default game type: SURVIVAL
[21:15:57] [Server thread/INFO]: Generating keypair
[21:15:57] [Server thread/INFO]: Starting Minecraft server on 26.245.160.254:25565
[21:15:57] [Server thread/INFO]: Using default channel type
[21:15:57] [Server thread/INFO]: Paper: Using Java compression from Velocity.
[21:15:57] [Server thread/INFO]: Paper: Using Java cipher from Velocity.
[21:15:58] [Server thread/INFO]: [TreeAssist] Loading server plugin TreeAssist v7.3.57
[21:15:58] [Server thread/INFO]: [TreeAssist] Loading main config file: \config.yml
[21:15:58] [Server thread/INFO]: [SkinsRestorer] Loading server plugin SkinsRestorer v15.4.3
[21:15:58] [Server thread/INFO]: Server permissions file permissions.yml is empty, ignoring it
[21:15:58] [Server thread/INFO]: [SkinsRestorer] Enabling SkinsRestorer v15.4.3
[21:15:59] [Server thread/WARN]: [SkinsRestorer] You must agree to the rules at 'commands.perSkinPermissionsConsent' in the config to use per skin permissions.
[21:16:00] [Server thread/INFO]: [SkinsRestorer] Running on Minecraft 1.21.1.
[21:16:01] [Server thread/INFO]: [SkinsRestorer] Using paper join listener!
[21:16:01] [Server thread/WARN]: **** SERVER IS RUNNING IN OFFLINE/INSECURE MODE!
[21:16:01] [Server thread/WARN]: The server will make no attempt to authenticate usernames. Beware.
[21:16:01] [Server thread/WARN]: While this makes the game possible to play without internet access, it also opens up the ability for hackers to connect with any username they choose.
[21:16:01] [Server thread/WARN]: To change this, set "online-mode" to "true" in the server.properties file.
[21:16:01] [Server thread/INFO]: Preparing level "world"
[21:16:02] [Folia Async Scheduler Thread #1/INFO]: [SkinsRestorer] ----------------------------------------------
[21:16:02] [Folia Async Scheduler Thread #1/INFO]: [SkinsRestorer]     +==================+
[21:16:02] [Folia Async Scheduler Thread #1/INFO]: [SkinsRestorer]     |   SkinsRestorer  |
[21:16:02] [Folia Async Scheduler Thread #1/INFO]: [SkinsRestorer]     |------------------|
[21:16:02] [Folia Async Scheduler Thread #1/INFO]: [SkinsRestorer]     |  Standalone Mode |
[21:16:02] [Folia Async Scheduler Thread #1/INFO]: [SkinsRestorer]     +==================+
[21:16:02] [Folia Async Scheduler Thread #1/INFO]: [SkinsRestorer] ----------------------------------------------
[21:16:02] [Folia Async Scheduler Thread #1/INFO]: [SkinsRestorer]     Version: 15.4.3
[21:16:02] [Folia Async Scheduler Thread #1/INFO]: [SkinsRestorer]     Commit: 4aa9140
[21:16:02] [Folia Async Scheduler Thread #1/INFO]: [SkinsRestorer]     This is the latest version!
[21:16:02] [Folia Async Scheduler Thread #1/INFO]: [SkinsRestorer] ----------------------------------------------
[21:16:02] [Folia Async Scheduler Thread #1/INFO]: [SkinsRestorer] Do you have issues? Read our troubleshooting guide: https://skinsrestorer.net/docs/troubleshooting
[21:16:02] [Folia Async Scheduler Thread #1/INFO]: [SkinsRestorer] Want to support SkinsRestorer? Consider donating: https://skinsrestorer.net/donate
[21:16:02] [Server thread/INFO]: Preparing start region for dimension minecraft:overworld
[21:16:03] [Server thread/INFO]: Time elapsed: 806 ms
[21:16:03] [Server thread/INFO]: Preparing start region for dimension minecraft:the_nether
[21:16:03] [Server thread/INFO]: Time elapsed: 176 ms
[21:16:03] [Server thread/INFO]: Preparing start region for dimension minecraft:the_end
[21:16:03] [Server thread/INFO]: Time elapsed: 119 ms
[21:16:03] [Server thread/INFO]: [TreeAssist] Enabling TreeAssist v7.3.57
[21:16:03] [Server thread/INFO]: [TreeAssist] sending full Metrics! You can deactivate this in the config.yml
[21:16:03] [Server thread/INFO]: [TreeAssist] debugging: off
[21:16:03] [Thread-8/INFO]: [TreeAssist] Checking for updates...
[21:16:03] [Server thread/INFO]: [spark] Starting background profiler...
[21:16:03] [Server thread/INFO]: [spark] The async-profiler engine is not supported for your os/arch (windows11/amd64), so the built-in Java engine will be used instead.
[21:16:04] [Server thread/INFO]: Done preparing level "world" (2.136s)
[21:16:04] [Server thread/INFO]: Running delayed init tasks
[21:16:04] [Server thread/INFO]: Done (18.273s)! For help, type "help"
[21:17:20] [User Authenticator #0/INFO]: UUID of player Cha_Tai1 is 1895ec84-f1c6-3e07-b474-328834745c02
[21:17:21] [Server thread/INFO]: Cha_Tai1 joined the game
[21:17:21] [Server thread/INFO]: Cha_Tai1[/26.74.113.53:64241] logged in with entity id 26 at ([world]-304.60342749259473, 103.0, -144.36096984013747)
[21:18:04] [User Authenticator #0/INFO]: UUID of player Kitsune_Miko is f4296400-8211-341a-88ef-221692287253
[21:18:05] [Server thread/INFO]: Kitsune_Miko joined the game
[21:18:05] [Server thread/INFO]: Kitsune_Miko[/26.65.109.103:63393] logged in with entity id 479 at ([world]-255.75268368323626, 102.0, -146.9636675681187)
[21:19:01] [User Authenticator #0/INFO]: UUID of player lekzapX is b13ac594-f4ab-3ff4-bd8e-d80c5b5e4d00
[21:19:02] [Server thread/INFO]: lekzapX joined the game
[21:19:02] [Server thread/INFO]: lekzapX[/26.251.147.48:61854] logged in with entity id 575 at ([world]-270.69999998807907, 108.0, 30.304085927351156)
[21:20:36] [Server thread/INFO]: Cha_Tai1 lost connection: Timed out
[21:20:36] [Server thread/INFO]: Cha_Tai1 left the game
[21:20:48] [User Authenticator #1/INFO]: UUID of player Cha_Tai1 is 1895ec84-f1c6-3e07-b474-328834745c02
[21:20:48] [Server thread/INFO]: Cha_Tai1 joined the game
[21:20:48] [Server thread/INFO]: Cha_Tai1[/26.74.113.53:64312] logged in with entity id 1102 at ([world]-275.1920316772275, 102.49520087700593, -146.73960424782848)
[21:23:12] [User Authenticator #2/INFO]: UUID of player Moskuza is a5b36672-2a33-38e1-8416-b82ad7aefade
[21:23:13] [Server thread/INFO]: Moskuza joined the game
[21:23:13] [Server thread/INFO]: Moskuza[/26.167.169.81:62665] logged in with entity id 1681 at ([world]-262.8424714181566, 94.0, -30.247618488697782)
[21:23:32] [Async Chat Thread - #0/INFO]: [Not Secure] <Moskuza> บ่ทันใส่ปลั๊กอินติ
[21:23:39] [Async Chat Thread - #0/INFO]: [Not Secure] <Kitsune_Miko> ยัง
[21:23:57] [Async Chat Thread - #0/INFO]: [Not Secure] <Kitsune_Miko> น่าจะเอาใส่ตอนเปิดอีกเครื่องนึงอันนี้เล่นแก้คัดไไปก่อน
[21:25:14] [Server thread/INFO]: Cha_Tai1 has reached the goal [Hired Help]
[21:29:48] [Async Chat Thread - #2/INFO]: [Not Secure] <Moskuza> เอาหินมา
[21:30:41] [Server thread/INFO]: Cha_Tai1 lost connection: Disconnected
[21:30:41] [Server thread/INFO]: Cha_Tai1 left the game
[21:30:53] [User Authenticator #3/INFO]: UUID of player Moskuza is a5b36672-2a33-38e1-8416-b82ad7aefade
[21:30:53] [Server thread/INFO]: Moskuza lost connection: You logged in from another location
[21:30:53] [Server thread/INFO]: Moskuza left the game
[21:30:53] [Server thread/INFO]: Moskuza (/26.167.169.81:62784) lost connection: Disconnected
[21:30:54] [User Authenticator #4/INFO]: UUID of player Cha_Tai1 is 1895ec84-f1c6-3e07-b474-328834745c02
[21:30:54] [Server thread/INFO]: Kitsune_Miko lost connection: Disconnected
[21:30:54] [Server thread/INFO]: Kitsune_Miko left the game
[21:30:54] [Server thread/INFO]: lekzapX lost connection: Disconnected
[21:30:54] [Server thread/INFO]: lekzapX left the game
[21:30:54] [Server thread/INFO]: Cha_Tai1 joined the game
[21:30:54] [Server thread/INFO]: Cha_Tai1[/26.74.113.53:64491] logged in with entity id 4381 at ([world]-286.8920521915102, 124.0, -133.38851968230026)
[21:31:12] [User Authenticator #4/INFO]: UUID of player Kitsune_Miko is f4296400-8211-341a-88ef-221692287253
[21:31:20] [Server thread/INFO]: Kitsune_Miko joined the game
[21:31:20] [Server thread/INFO]: Kitsune_Miko[/26.65.109.103:64850] logged in with entity id 4454 at ([world]-254.92039356169838, 104.0, -154.53466249877945)
[21:31:57] [Server thread/INFO]: Kitsune_Miko lost connection: Disconnected
[21:31:57] [Server thread/INFO]: Kitsune_Miko left the game
[21:32:02] [User Authenticator #4/INFO]: UUID of player Kitsune_Miko is f4296400-8211-341a-88ef-221692287253
[21:32:05] [Server thread/INFO]: Kitsune_Miko joined the game
[21:32:05] [Server thread/INFO]: Kitsune_Miko[/26.65.109.103:64975] logged in with entity id 4596 at ([world]-254.92039356169838, 104.0, -154.53466249877945)
[21:32:38] [User Authenticator #4/INFO]: UUID of player lekzapX is b13ac594-f4ab-3ff4-bd8e-d80c5b5e4d00
[21:32:38] [Server thread/INFO]: lekzapX joined the game
[21:32:38] [Server thread/INFO]: lekzapX[/26.251.147.48:61941] logged in with entity id 4739 at ([world]-246.1864829834219, 101.0, 23.478120003399546)
[21:32:58] [Server thread/INFO]: Kitsune_Miko lost connection: Disconnected
[21:32:58] [Server thread/INFO]: Kitsune_Miko left the game
[21:33:28] [User Authenticator #4/INFO]: UUID of player Kitsune_Miko is f4296400-8211-341a-88ef-221692287253
[21:33:31] [Server thread/INFO]: Kitsune_Miko joined the game
[21:33:31] [Server thread/INFO]: Kitsune_Miko[/26.65.109.103:65150] logged in with entity id 5149 at ([world]-254.92039356169838, 104.0, -154.53466249877945)
[21:34:36] [Server thread/INFO]: Kitsune_Miko lost connection: Disconnected
[21:34:36] [Server thread/INFO]: Kitsune_Miko left the game
[21:35:36] [User Authenticator #5/INFO]: UUID of player Kitsune_Miko is f4296400-8211-341a-88ef-221692287253
[21:35:37] [Server thread/INFO]: Kitsune_Miko joined the game
[21:35:37] [Server thread/INFO]: Kitsune_Miko[/26.65.109.103:65482] logged in with entity id 5866 at ([world]-254.92039356169838, 104.0, -154.53466249877945)
[21:58:54] [User Authenticator #6/INFO]: UUID of player passapol is dc23f29e-fcfe-33be-8b42-b918b160bf5b
[21:58:55] [Server thread/INFO]: passapol joined the game
[21:58:55] [Server thread/INFO]: passapol[/26.49.17.12:45912] logged in with entity id 15923 at ([world_nether]-9.698706801780705, 74.0, 548.3765851433815)
[22:36:16] [Server thread/INFO]: lekzapX lost connection: Disconnected
[22:36:16] [Server thread/INFO]: lekzapX left the game
[22:36:16] [Server thread/INFO]: Kitsune_Miko lost connection: Disconnected
[22:36:16] [Server thread/INFO]: Kitsune_Miko left the game
[22:36:16] [Server thread/INFO]: passapol lost connection: Disconnected
[22:36:16] [Server thread/INFO]: passapol left the game
[22:36:16] [Server thread/INFO]: Cha_Tai1 lost connection: Disconnected
[22:36:16] [Server thread/INFO]: Cha_Tai1 left the game
[22:37:59] [User Authenticator #7/INFO]: UUID of player Kitsune_Miko is f4296400-8211-341a-88ef-221692287253
[22:38:05] [Server thread/INFO]: com.mojang.authlib.GameProfile@3f1652c[id=f4296400-8211-341a-88ef-221692287253,name=Kitsune_Miko,properties={textures=[Property[name=textures, value=ewogICJ0aW1lc3RhbXAiIDogMTcyNzM2NTA3ODIxMCwKICAicHJvZmlsZUlkIiA6ICJkYmZjZjZiNzhhMzc0MzYzYWFkZmRiYTYwOTRhNDBjNSIsCiAgInByb2ZpbGVOYW1lIiA6ICJLaXRzdW5lX01pa28iLAogICJzaWduYXR1cmVSZXF1aXJlZCIgOiB0cnVlLAogICJ0ZXh0dXJlcyIgOiB7CiAgICAiU0tJTiIgOiB7CiAgICAgICJ1cmwiIDogImh0dHA6Ly90ZXh0dXJlcy5taW5lY3JhZnQubmV0L3RleHR1cmUvMzI2Y2IxMTU5ZGY0MjJlMmQ2NDMwNDg2MzhiM2YwODZjNmMyNTk3NmU3OTE2ZWEyNTdlNWYzNzQ5NGQ0YjAwNiIsCiAgICAgICJtZXRhZGF0YSIgOiB7CiAgICAgICAgIm1vZGVsIiA6ICJzbGltIgogICAgICB9CiAgICB9LAogICAgIkNBUEUiIDogewogICAgICAidXJsIiA6ICJodHRwOi8vdGV4dHVyZXMubWluZWNyYWZ0Lm5ldC90ZXh0dXJlLzU2OWI3ZjJhMWQwMGQyNmYzMGVmZTNmOWFiOWFjODE3YjFlNmQzNWY0ZjNjZmIwMzI0ZWYyZDMyODIyM2QzNTAiCiAgICB9CiAgfQp9, signature=inOQw5qjCyEQkoAYwSCJo3ybnYe9j1631XB0r9Irus5xlRyiaUj1qZufq51xWmYotKPb1gjPjwmmxE9uj46qegxMWJG1QXbBfj6NuxZDv5bxvFTRqPqNpfP35d3hRO072tlVUXBzGKALDBxj66xWu86Q9rLsQAw+w/cKqY7cjChbtbvMRzP8aNJdpyWZh2fQuM3Z2Mv17420/O0vGyO0HGgL2M0MBGBKz52iC4bdauexMbtHkHEL4myEF0578PbtAALIqDA1+ndXqCU2EkgxT8FOABxyYUabdQZ638LAVGhtojp3moqkMybXUm6Gk5IReXewtMrlznX/AE2ujlTgFmPH53UuYvTp4of9bjPvc8j6mC+mHPMxBkqY3KrRqTzhEBFap/I6xRM+5aKD0rVp8KR/4XhIRsGH8G+gffMfYqHyqT5OlBpdhIch/WpQ1AjviH8EuwdsyxQ+yD06sYJKJ1C1ovHzx1eMAJW7mMbtq9Hk3G/o8G9Zd7adpxOdGkT8gYlZqiNsg2RiHy0pM+yK9J9EVcqgmtWmFFIKjEM+qyoGzQ95rMS8r5JZvVdi1r+3hcNbZR81p5g2louhnDN/wT/zJcakalQ5c0mRuMPnJWN7EsGAKzphlTGiuYSc8rXq0WO2DoWlPf18xpp3XT7EkuOgwLV11ZwNDrAxUGZOBRs=]]}] lost connection: Disconnected
[22:38:06] [User Authenticator #7/INFO]: UUID of player passapol is dc23f29e-fcfe-33be-8b42-b918b160bf5b
[22:38:07] [Server thread/INFO]: passapol joined the game
[22:38:07] [Server thread/INFO]: passapol[/26.49.17.12:47720] logged in with entity id 33496 at ([world]-252.46668891285645, 99.1875, -49.482909053588045)
[22:38:08] [User Authenticator #7/INFO]: UUID of player Cha_Tai1 is 1895ec84-f1c6-3e07-b474-328834745c02
[22:38:08] [Server thread/INFO]: Cha_Tai1 joined the game
[22:38:08] [Server thread/INFO]: Cha_Tai1[/26.74.113.53:49248] logged in with entity id 33739 at ([world]-287.69637776766825, 124.0, -132.58595891744002)
[22:39:31] [User Authenticator #8/INFO]: UUID of player BraindeadCowboy is 39fe408d-d62b-3e8d-9e1d-6960a0a33f93
[22:39:32] [Server thread/INFO]: BraindeadCowboy joined the game
[22:39:32] [Server thread/INFO]: BraindeadCowboy[/26.226.143.117:56048] logged in with entity id 34171 at ([world]-255.4830965206007, 88.0, 6.636455036510169)
[22:40:33] [User Authenticator #8/INFO]: UUID of player Kitsune_Miko is f4296400-8211-341a-88ef-221692287253
[22:40:43] [Server thread/INFO]: Kitsune_Miko joined the game
[22:40:43] [Server thread/INFO]: Kitsune_Miko[/26.65.109.103:56791] logged in with entity id 34555 at ([world]-239.47477873560936, 111.0, -158.70241304137747)
[22:40:52] [Server thread/INFO]: Cha_Tai1 has made the advancement [Ice Bucket Challenge]
[22:41:34] [Server thread/INFO]: Kitsune_Miko lost connection: Disconnected
[22:41:34] [Server thread/INFO]: Kitsune_Miko left the game
[22:42:25] [User Authenticator #9/INFO]: UUID of player Kitsune_Miko is f4296400-8211-341a-88ef-221692287253
[22:42:30] [Server thread/INFO]: passapol has made the advancement [Oh Shiny]
[22:42:37] [Server thread/INFO]: com.mojang.authlib.GameProfile@756d0b1d[id=f4296400-8211-341a-88ef-221692287253,name=Kitsune_Miko,properties={textures=[Property[name=textures, value=ewogICJ0aW1lc3RhbXAiIDogMTcyNzM2NTA3ODIxMCwKICAicHJvZmlsZUlkIiA6ICJkYmZjZjZiNzhhMzc0MzYzYWFkZmRiYTYwOTRhNDBjNSIsCiAgInByb2ZpbGVOYW1lIiA6ICJLaXRzdW5lX01pa28iLAogICJzaWduYXR1cmVSZXF1aXJlZCIgOiB0cnVlLAogICJ0ZXh0dXJlcyIgOiB7CiAgICAiU0tJTiIgOiB7CiAgICAgICJ1cmwiIDogImh0dHA6Ly90ZXh0dXJlcy5taW5lY3JhZnQubmV0L3RleHR1cmUvMzI2Y2IxMTU5ZGY0MjJlMmQ2NDMwNDg2MzhiM2YwODZjNmMyNTk3NmU3OTE2ZWEyNTdlNWYzNzQ5NGQ0YjAwNiIsCiAgICAgICJtZXRhZGF0YSIgOiB7CiAgICAgICAgIm1vZGVsIiA6ICJzbGltIgogICAgICB9CiAgICB9LAogICAgIkNBUEUiIDogewogICAgICAidXJsIiA6ICJodHRwOi8vdGV4dHVyZXMubWluZWNyYWZ0Lm5ldC90ZXh0dXJlLzU2OWI3ZjJhMWQwMGQyNmYzMGVmZTNmOWFiOWFjODE3YjFlNmQzNWY0ZjNjZmIwMzI0ZWYyZDMyODIyM2QzNTAiCiAgICB9CiAgfQp9, signature=inOQw5qjCyEQkoAYwSCJo3ybnYe9j1631XB0r9Irus5xlRyiaUj1qZufq51xWmYotKPb1gjPjwmmxE9uj46qegxMWJG1QXbBfj6NuxZDv5bxvFTRqPqNpfP35d3hRO072tlVUXBzGKALDBxj66xWu86Q9rLsQAw+w/cKqY7cjChbtbvMRzP8aNJdpyWZh2fQuM3Z2Mv17420/O0vGyO0HGgL2M0MBGBKz52iC4bdauexMbtHkHEL4myEF0578PbtAALIqDA1+ndXqCU2EkgxT8FOABxyYUabdQZ638LAVGhtojp3moqkMybXUm6Gk5IReXewtMrlznX/AE2ujlTgFmPH53UuYvTp4of9bjPvc8j6mC+mHPMxBkqY3KrRqTzhEBFap/I6xRM+5aKD0rVp8KR/4XhIRsGH8G+gffMfYqHyqT5OlBpdhIch/WpQ1AjviH8EuwdsyxQ+yD06sYJKJ1C1ovHzx1eMAJW7mMbtq9Hk3G/o8G9Zd7adpxOdGkT8gYlZqiNsg2RiHy0pM+yK9J9EVcqgmtWmFFIKjEM+qyoGzQ95rMS8r5JZvVdi1r+3hcNbZR81p5g2louhnDN/wT/zJcakalQ5c0mRuMPnJWN7EsGAKzphlTGiuYSc8rXq0WO2DoWlPf18xpp3XT7EkuOgwLV11ZwNDrAxUGZOBRs=]]}] lost connection: Disconnected
[22:43:30] [User Authenticator #10/INFO]: UUID of player Kitsune_Miko is f4296400-8211-341a-88ef-221692287253
[22:43:45] [Server thread/INFO]: passapol has made the advancement [Who is Cutting Onions?]
[22:43:45] [Server thread/INFO]: com.mojang.authlib.GameProfile@31288338[id=f4296400-8211-341a-88ef-221692287253,name=Kitsune_Miko,properties={textures=[Property[name=textures, value=ewogICJ0aW1lc3RhbXAiIDogMTcyNzM2NTA3ODIxMCwKICAicHJvZmlsZUlkIiA6ICJkYmZjZjZiNzhhMzc0MzYzYWFkZmRiYTYwOTRhNDBjNSIsCiAgInByb2ZpbGVOYW1lIiA6ICJLaXRzdW5lX01pa28iLAogICJzaWduYXR1cmVSZXF1aXJlZCIgOiB0cnVlLAogICJ0ZXh0dXJlcyIgOiB7CiAgICAiU0tJTiIgOiB7CiAgICAgICJ1cmwiIDogImh0dHA6Ly90ZXh0dXJlcy5taW5lY3JhZnQubmV0L3RleHR1cmUvMzI2Y2IxMTU5ZGY0MjJlMmQ2NDMwNDg2MzhiM2YwODZjNmMyNTk3NmU3OTE2ZWEyNTdlNWYzNzQ5NGQ0YjAwNiIsCiAgICAgICJtZXRhZGF0YSIgOiB7CiAgICAgICAgIm1vZGVsIiA6ICJzbGltIgogICAgICB9CiAgICB9LAogICAgIkNBUEUiIDogewogICAgICAidXJsIiA6ICJodHRwOi8vdGV4dHVyZXMubWluZWNyYWZ0Lm5ldC90ZXh0dXJlLzU2OWI3ZjJhMWQwMGQyNmYzMGVmZTNmOWFiOWFjODE3YjFlNmQzNWY0ZjNjZmIwMzI0ZWYyZDMyODIyM2QzNTAiCiAgICB9CiAgfQp9, signature=inOQw5qjCyEQkoAYwSCJo3ybnYe9j1631XB0r9Irus5xlRyiaUj1qZufq51xWmYotKPb1gjPjwmmxE9uj46qegxMWJG1QXbBfj6NuxZDv5bxvFTRqPqNpfP35d3hRO072tlVUXBzGKALDBxj66xWu86Q9rLsQAw+w/cKqY7cjChbtbvMRzP8aNJdpyWZh2fQuM3Z2Mv17420/O0vGyO0HGgL2M0MBGBKz52iC4bdauexMbtHkHEL4myEF0578PbtAALIqDA1+ndXqCU2EkgxT8FOABxyYUabdQZ638LAVGhtojp3moqkMybXUm6Gk5IReXewtMrlznX/AE2ujlTgFmPH53UuYvTp4of9bjPvc8j6mC+mHPMxBkqY3KrRqTzhEBFap/I6xRM+5aKD0rVp8KR/4XhIRsGH8G+gffMfYqHyqT5OlBpdhIch/WpQ1AjviH8EuwdsyxQ+yD06sYJKJ1C1ovHzx1eMAJW7mMbtq9Hk3G/o8G9Zd7adpxOdGkT8gYlZqiNsg2RiHy0pM+yK9J9EVcqgmtWmFFIKjEM+qyoGzQ95rMS8r5JZvVdi1r+3hcNbZR81p5g2louhnDN/wT/zJcakalQ5c0mRuMPnJWN7EsGAKzphlTGiuYSc8rXq0WO2DoWlPf18xpp3XT7EkuOgwLV11ZwNDrAxUGZOBRs=]]}] lost connection: Disconnected
[22:44:52] [User Authenticator #11/INFO]: UUID of player Kitsune_Miko is f4296400-8211-341a-88ef-221692287253
[22:45:08] [Server thread/INFO]: com.mojang.authlib.GameProfile@62a98007[id=f4296400-8211-341a-88ef-221692287253,name=Kitsune_Miko,properties={textures=[Property[name=textures, value=ewogICJ0aW1lc3RhbXAiIDogMTcyNzM2NTA3ODIxMCwKICAicHJvZmlsZUlkIiA6ICJkYmZjZjZiNzhhMzc0MzYzYWFkZmRiYTYwOTRhNDBjNSIsCiAgInByb2ZpbGVOYW1lIiA6ICJLaXRzdW5lX01pa28iLAogICJzaWduYXR1cmVSZXF1aXJlZCIgOiB0cnVlLAogICJ0ZXh0dXJlcyIgOiB7CiAgICAiU0tJTiIgOiB7CiAgICAgICJ1cmwiIDogImh0dHA6Ly90ZXh0dXJlcy5taW5lY3JhZnQubmV0L3RleHR1cmUvMzI2Y2IxMTU5ZGY0MjJlMmQ2NDMwNDg2MzhiM2YwODZjNmMyNTk3NmU3OTE2ZWEyNTdlNWYzNzQ5NGQ0YjAwNiIsCiAgICAgICJtZXRhZGF0YSIgOiB7CiAgICAgICAgIm1vZGVsIiA6ICJzbGltIgogICAgICB9CiAgICB9LAogICAgIkNBUEUiIDogewogICAgICAidXJsIiA6ICJodHRwOi8vdGV4dHVyZXMubWluZWNyYWZ0Lm5ldC90ZXh0dXJlLzU2OWI3ZjJhMWQwMGQyNmYzMGVmZTNmOWFiOWFjODE3YjFlNmQzNWY0ZjNjZmIwMzI0ZWYyZDMyODIyM2QzNTAiCiAgICB9CiAgfQp9, signature=inOQw5qjCyEQkoAYwSCJo3ybnYe9j1631XB0r9Irus5xlRyiaUj1qZufq51xWmYotKPb1gjPjwmmxE9uj46qegxMWJG1QXbBfj6NuxZDv5bxvFTRqPqNpfP35d3hRO072tlVUXBzGKALDBxj66xWu86Q9rLsQAw+w/cKqY7cjChbtbvMRzP8aNJdpyWZh2fQuM3Z2Mv17420/O0vGyO0HGgL2M0MBGBKz52iC4bdauexMbtHkHEL4myEF0578PbtAALIqDA1+ndXqCU2EkgxT8FOABxyYUabdQZ638LAVGhtojp3moqkMybXUm6Gk5IReXewtMrlznX/AE2ujlTgFmPH53UuYvTp4of9bjPvc8j6mC+mHPMxBkqY3KrRqTzhEBFap/I6xRM+5aKD0rVp8KR/4XhIRsGH8G+gffMfYqHyqT5OlBpdhIch/WpQ1AjviH8EuwdsyxQ+yD06sYJKJ1C1ovHzx1eMAJW7mMbtq9Hk3G/o8G9Zd7adpxOdGkT8gYlZqiNsg2RiHy0pM+yK9J9EVcqgmtWmFFIKjEM+qyoGzQ95rMS8r5JZvVdi1r+3hcNbZR81p5g2louhnDN/wT/zJcakalQ5c0mRuMPnJWN7EsGAKzphlTGiuYSc8rXq0WO2DoWlPf18xpp3XT7EkuOgwLV11ZwNDrAxUGZOBRs=]]}] lost connection: Timed out
[22:45:52] [User Authenticator #11/INFO]: UUID of player Kitsune_Miko is f4296400-8211-341a-88ef-221692287253
[22:46:08] [Server thread/INFO]: com.mojang.authlib.GameProfile@597b63f7[id=f4296400-8211-341a-88ef-221692287253,name=Kitsune_Miko,properties={textures=[Property[name=textures, value=ewogICJ0aW1lc3RhbXAiIDogMTcyNzM2NTA3ODIxMCwKICAicHJvZmlsZUlkIiA6ICJkYmZjZjZiNzhhMzc0MzYzYWFkZmRiYTYwOTRhNDBjNSIsCiAgInByb2ZpbGVOYW1lIiA6ICJLaXRzdW5lX01pa28iLAogICJzaWduYXR1cmVSZXF1aXJlZCIgOiB0cnVlLAogICJ0ZXh0dXJlcyIgOiB7CiAgICAiU0tJTiIgOiB7CiAgICAgICJ1cmwiIDogImh0dHA6Ly90ZXh0dXJlcy5taW5lY3JhZnQubmV0L3RleHR1cmUvMzI2Y2IxMTU5ZGY0MjJlMmQ2NDMwNDg2MzhiM2YwODZjNmMyNTk3NmU3OTE2ZWEyNTdlNWYzNzQ5NGQ0YjAwNiIsCiAgICAgICJtZXRhZGF0YSIgOiB7CiAgICAgICAgIm1vZGVsIiA6ICJzbGltIgogICAgICB9CiAgICB9LAogICAgIkNBUEUiIDogewogICAgICAidXJsIiA6ICJodHRwOi8vdGV4dHVyZXMubWluZWNyYWZ0Lm5ldC90ZXh0dXJlLzU2OWI3ZjJhMWQwMGQyNmYzMGVmZTNmOWFiOWFjODE3YjFlNmQzNWY0ZjNjZmIwMzI0ZWYyZDMyODIyM2QzNTAiCiAgICB9CiAgfQp9, signature=inOQw5qjCyEQkoAYwSCJo3ybnYe9j1631XB0r9Irus5xlRyiaUj1qZufq51xWmYotKPb1gjPjwmmxE9uj46qegxMWJG1QXbBfj6NuxZDv5bxvFTRqPqNpfP35d3hRO072tlVUXBzGKALDBxj66xWu86Q9rLsQAw+w/cKqY7cjChbtbvMRzP8aNJdpyWZh2fQuM3Z2Mv17420/O0vGyO0HGgL2M0MBGBKz52iC4bdauexMbtHkHEL4myEF0578PbtAALIqDA1+ndXqCU2EkgxT8FOABxyYUabdQZ638LAVGhtojp3moqkMybXUm6Gk5IReXewtMrlznX/AE2ujlTgFmPH53UuYvTp4of9bjPvc8j6mC+mHPMxBkqY3KrRqTzhEBFap/I6xRM+5aKD0rVp8KR/4XhIRsGH8G+gffMfYqHyqT5OlBpdhIch/WpQ1AjviH8EuwdsyxQ+yD06sYJKJ1C1ovHzx1eMAJW7mMbtq9Hk3G/o8G9Zd7adpxOdGkT8gYlZqiNsg2RiHy0pM+yK9J9EVcqgmtWmFFIKjEM+qyoGzQ95rMS8r5JZvVdi1r+3hcNbZR81p5g2louhnDN/wT/zJcakalQ5c0mRuMPnJWN7EsGAKzphlTGiuYSc8rXq0WO2DoWlPf18xpp3XT7EkuOgwLV11ZwNDrAxUGZOBRs=]]}] lost connection: Timed out
[22:47:21] [User Authenticator #12/INFO]: UUID of player Kitsune_Miko is f4296400-8211-341a-88ef-221692287253
[22:47:21] [Server thread/INFO]: Kitsune_Miko joined the game
[22:47:21] [Server thread/INFO]: Kitsune_Miko[/26.65.109.103:58033] logged in with entity id 37508 at ([world]-239.47477873560936, 111.0, -158.70241304137747)
[22:47:36] [User Authenticator #12/INFO]: UUID of player lekzapX is b13ac594-f4ab-3ff4-bd8e-d80c5b5e4d00
[22:47:37] [Server thread/INFO]: lekzapX joined the game
[22:47:37] [Server thread/INFO]: lekzapX[/26.251.147.48:62370] logged in with entity id 37585 at ([world]-268.11070569786204, 94.0, -22.30000001192093)
[22:49:17] [Server thread/INFO]: BraindeadCowboy lost connection: Disconnected
[22:49:17] [Server thread/INFO]: BraindeadCowboy left the game
[22:50:08] [Server thread/INFO]: Villager Villager['Fisherman'/462, uuid='3479c92a-2116-434d-bebf-0cafed1999f1', l='ServerLevel[world]', x=-187.52, y=102.00, z=-9.45, cpos=[-12, -1], tl=1942614, v=true] was struck by lightning LightningBolt['Lightning Bolt'/38363, uuid='ce3a8333-56fd-4fde-adc4-78dae4e6dc31', l='ServerLevel[world]', x=-187.50, y=102.00, z=-9.50, cpos=[-12, -1], tl=1, v=true].
[22:50:08] [Server thread/INFO]: Villager Villager['Fisherman'/463, uuid='d0963796-aa06-49e4-aae1-3597466cef0d', l='ServerLevel[world]', x=-187.89, y=102.56, z=-9.02, cpos=[-12, -1], tl=2239259, v=true] was struck by lightning LightningBolt['Lightning Bolt'/38363, uuid='ce3a8333-56fd-4fde-adc4-78dae4e6dc31', l='ServerLevel[world]', x=-187.50, y=102.00, z=-9.50, cpos=[-12, -1], tl=1, v=true].
[22:50:08] [Server thread/INFO]: Villager Villager['Fisherman'/464, uuid='36cdbcf0-bdd4-48b1-b47a-65aa2791325e', l='ServerLevel[world]', x=-189.35, y=102.00, z=-9.40, cpos=[-12, -1], tl=1933731, v=true] was struck by lightning LightningBolt['Lightning Bolt'/38363, uuid='ce3a8333-56fd-4fde-adc4-78dae4e6dc31', l='ServerLevel[world]', x=-187.50, y=102.00, z=-9.50, cpos=[-12, -1], tl=1, v=true].
[22:52:00] [Server thread/INFO]: Villager Villager['Librarian'/33635, uuid='5a0c0afb-555c-4923-b352-961ba9ebee70', l='ServerLevel[world]', x=-242.70, y=87.00, z=16.30, cpos=[-16, 1], tl=2166824, v=true] died, message: 'Librarian was slain by Cha_Tai1'
[22:52:49] [Async Chat Thread - #4/INFO]: [Not Secure] <lekzapX> aw'
[22:55:27] [Server thread/INFO]: Villager Villager['Librarian'/33629, uuid='dd8e4658-d768-485a-8505-1587a13c1477', l='ServerLevel[world]', x=-265.54, y=88.00, z=12.49, cpos=[-17, 0], tl=1901148, v=true] died, message: 'Librarian was slain by Cha_Tai1'
[22:56:57] [Server thread/INFO]: Villager Villager['Librarian'/33628, uuid='25020e51-cd0c-4978-ad76-948723d6c6b0', l='ServerLevel[world]', x=-242.70, y=88.00, z=20.70, cpos=[-16, 1], tl=1940043, v=true] died, message: 'Librarian was slain by Cha_Tai1'
[22:59:25] [Server thread/INFO]: passapol has completed the challenge [Return to Sender]
[23:03:51] [Server thread/INFO]: lekzapX has made the advancement [Take Aim]
[23:07:45] [Server thread/INFO]: Named entity Zombie['Hello World'/461, uuid='8aec59d4-d322-4358-acfb-77373483eab6', l='ServerLevel[world]', x=-189.25, y=101.94, z=-5.53, cpos=[-12, -1], tl=1873035, v=true] died: Hello World burned to death
[23:11:17] [Async Chat Thread - #6/INFO]: [Not Secure] <passapol> zzzzzzzzzzzzzzzzzz
[23:11:54] [Async Chat Thread - #6/INFO]: [Not Secure] <passapol> zzzzzzzzzzzzzzzzzzzz
[23:12:02] [Async Chat Thread - #7/INFO]: [Not Secure] <passapol> zzzzzzzzzzzz
[23:18:58] [Async Chat Thread - #8/INFO]: [Not Secure] <passapol> 3315
[23:19:02] [Async Chat Thread - #8/INFO]: [Not Secure] <passapol> 315
[23:20:31] [Async Chat Thread - #10/INFO]: [Not Secure] <passapol> -225 -33
[23:27:26] [Async Chat Thread - #12/INFO]: [Not Secure] <passapol> zzzzzzzzzzzzzz
[23:30:55] [Server thread/INFO]: Villager Villager['Farmer'/33706, uuid='be0f6c29-b4e9-4fef-99d8-6ccb9a434c25', l='ServerLevel[world]', x=-228.49, y=87.00, z=-113.09, cpos=[-15, -8], tl=2299616, v=true] died, message: 'Farmer was slain by Cha_Tai1'
[23:33:44] [Server thread/INFO]: Kitsune_Miko lost connection: Disconnected
[23:33:44] [Server thread/INFO]: Kitsune_Miko left the game
[23:33:45] [Server thread/INFO]: lekzapX lost connection: Disconnected
[23:33:45] [Server thread/INFO]: lekzapX left the game
[23:33:53] [Server thread/INFO]: Stopping the server
[23:33:53] [Server thread/INFO]: Stopping server
[23:33:53] [Server thread/INFO]: [SkinsRestorer] Disabling SkinsRestorer v15.4.3
[23:33:53] [Server thread/INFO]: [TreeAssist] Disabling TreeAssist v7.3.57
[23:33:53] [Server thread/INFO]: Saving players
[23:33:54] [Server thread/INFO]: passapol lost connection: Server closed
[23:33:54] [Server thread/INFO]: passapol left the game
[23:33:54] [Server thread/INFO]: Cha_Tai1 lost connection: Server closed
[23:33:54] [Server thread/INFO]: Cha_Tai1 left the game
[23:33:54] [Server thread/INFO]: Saving worlds
[23:33:54] [Server thread/INFO]: Saving chunks for level 'ServerLevel[world]'/minecraft:overworld
[23:33:54] [Server thread/INFO]: [ChunkHolderManager] Waiting 60s for chunk system to halt for world 'world'
[23:33:54] [Server thread/INFO]: [ChunkHolderManager] Halted chunk system for world 'world'
[23:33:54] [Server thread/INFO]: [ChunkHolderManager] Saving all chunkholders for world 'world'
[23:33:54] [Server thread/INFO]: [ChunkHolderManager] Saved 35 block chunks, 243 entity chunks, 1 poi chunks in world 'world' in 0.15s
[23:33:54] [Server thread/INFO]: Saving chunks for level 'ServerLevel[world_nether]'/minecraft:the_nether
[23:33:54] [Server thread/INFO]: [ChunkHolderManager] Waiting 60s for chunk system to halt for world 'world_nether'
[23:33:54] [Server thread/INFO]: [ChunkHolderManager] Halted chunk system for world 'world_nether'
[23:33:54] [Server thread/INFO]: [ChunkHolderManager] Saving all chunkholders for world 'world_nether'
[23:33:54] [Server thread/INFO]: [ChunkHolderManager] Saved 30 block chunks, 97 entity chunks, 0 poi chunks in world 'world_nether' in 0.07s
[23:33:54] [Server thread/INFO]: Saving chunks for level 'ServerLevel[world_the_end]'/minecraft:the_end
[23:33:54] [Server thread/INFO]: [ChunkHolderManager] Waiting 60s for chunk system to halt for world 'world_the_end'
[23:33:54] [Server thread/INFO]: [ChunkHolderManager] Halted chunk system for world 'world_the_end'
[23:33:54] [Server thread/INFO]: [ChunkHolderManager] Saving all chunkholders for world 'world_the_end'
[23:33:54] [Server thread/INFO]: [ChunkHolderManager] Saved 0 block chunks, 10 entity chunks, 0 poi chunks in world 'world_the_end' in 0.01s
[23:33:54] [Server thread/INFO]: ThreadedAnvilChunkStorage (world): All chunks are saved
[23:33:54] [Server thread/INFO]: ThreadedAnvilChunkStorage (DIM-1): All chunks are saved
[23:33:54] [Server thread/INFO]: ThreadedAnvilChunkStorage (DIM1): All chunks are saved
[23:33:54] [Server thread/INFO]: ThreadedAnvilChunkStorage: All dimensions are saved
